2024-03-29 12:35:11.572  INFO 46540 --- [restartedMain] com.example.demo.DemoApplication         : Starting DemoApplication using Java 1.8.0_192 on XTZJ-20220402VX with PID 46540 (F:\关于自己关于学习和项目\已上传\项目\manage\user-management\target\classes started by Administrator in F:\关于自己关于学习和项目\已上传\项目\manage\user-management)
2024-03-29 12:35:11.582 DEBUG 46540 --- [restartedMain] com.example.demo.DemoApplication         : Running with Spring Boot v2.7.8, Spring v5.3.25
2024-03-29 12:35:11.582  INFO 46540 --- [restartedMain] com.example.demo.DemoApplication         : The following 1 profile is active: "dev"
2024-03-29 12:35:11.672  INFO 46540 --- [restartedMain] .e.DevToolsPropertyDefaultsPostProcessor : Devtools property defaults active! Set 'spring.devtools.add-properties' to 'false' to disable
2024-03-29 12:35:11.672  INFO 46540 --- [restartedMain] .e.DevToolsPropertyDefaultsPostProcessor : For additional web related logging consider setting the 'logging.level.web' property to 'DEBUG'
2024-03-29 12:35:12.780  INFO 46540 --- [restartedMain] .s.d.r.c.RepositoryConfigurationDelegate : Multiple Spring Data modules found, entering strict repository configuration mode
2024-03-29 12:35:12.784  INFO 46540 --- [restartedMain] .s.d.r.c.RepositoryConfigurationDelegate : Bootstrapping Spring Data Redis repositories in DEFAULT mode.
2024-03-29 12:35:12.816  INFO 46540 --- [restartedMain] .s.d.r.c.RepositoryConfigurationDelegate : Finished Spring Data repository scanning in 12 ms. Found 0 Redis repository interfaces.
2024-03-29 12:35:14.509  INFO 46540 --- [restartedMain] o.s.b.w.embedded.tomcat.TomcatWebServer  : Tomcat initialized with port(s): 8080 (http)
2024-03-29 12:35:14.525  INFO 46540 --- [restartedMain] o.apache.catalina.core.StandardService   : Starting service [Tomcat]
2024-03-29 12:35:14.526  INFO 46540 --- [restartedMain] org.apache.catalina.core.StandardEngine  : Starting Servlet engine: [Apache Tomcat/9.0.71]
2024-03-29 12:35:14.647  INFO 46540 --- [restartedMain] o.a.c.c.C.[.[localhost].[/manage]        : Initializing Spring embedded WebApplicationContext
2024-03-29 12:35:14.648  INFO 46540 --- [restartedMain] w.s.c.ServletWebServerApplicationContext : Root WebApplicationContext: initialization completed in 2972 ms
2024-03-29 12:35:27.758  WARN 46540 --- [restartedMain] ConfigServletWebServerApplicationContext : Exception encountered during context initialization - cancelling refresh attempt: org.springframework.beans.factory.BeanCreationException: Error creating bean with name 'enableRedisKeyspaceNotificationsInitializer' defined in class path resource [org/springframework/boot/autoconfigure/session/RedisSessionConfiguration$SpringBootRedisHttpSessionConfiguration.class]: Invocation of init method failed; nested exception is org.springframework.data.redis.RedisConnectionFailureException: Unable to connect to Redis; nested exception is io.lettuce.core.RedisConnectionException: Unable to connect to 62.234.10.69:9574
2024-03-29 12:35:28.019  INFO 46540 --- [restartedMain] o.apache.catalina.core.StandardService   : Stopping service [Tomcat]
2024-03-29 12:35:28.047  INFO 46540 --- [restartedMain] ConditionEvaluationReportLoggingListener : 

Error starting ApplicationContext. To display the conditions report re-run your application with 'debug' enabled.
2024-03-29 12:35:28.080 ERROR 46540 --- [restartedMain] o.s.boot.SpringApplication               : Application run failed

org.springframework.beans.factory.BeanCreationException: Error creating bean with name 'enableRedisKeyspaceNotificationsInitializer' defined in class path resource [org/springframework/boot/autoconfigure/session/RedisSessionConfiguration$SpringBootRedisHttpSessionConfiguration.class]: Invocation of init method failed; nested exception is org.springframework.data.redis.RedisConnectionFailureException: Unable to connect to Redis; nested exception is io.lettuce.core.RedisConnectionException: Unable to connect to 62.234.10.69:9574
	at org.springframework.beans.factory.support.AbstractAutowireCapableBeanFactory.initializeBean(AbstractAutowireCapableBeanFactory.java:1804) ~[spring-beans-5.3.25.jar:5.3.25]
	at org.springframework.beans.factory.support.AbstractAutowireCapableBeanFactory.doCreateBean(AbstractAutowireCapableBeanFactory.java:620) ~[spring-beans-5.3.25.jar:5.3.25]
	at org.springframework.beans.factory.support.AbstractAutowireCapableBeanFactory.createBean(AbstractAutowireCapableBeanFactory.java:542) ~[spring-beans-5.3.25.jar:5.3.25]
	at org.springframework.beans.factory.support.AbstractBeanFactory.lambda$doGetBean$0(AbstractBeanFactory.java:335) ~[spring-beans-5.3.25.jar:5.3.25]
	at org.springframework.beans.factory.support.DefaultSingletonBeanRegistry.getSingleton(DefaultSingletonBeanRegistry.java:234) ~[spring-beans-5.3.25.jar:5.3.25]
	at org.springframework.beans.factory.support.AbstractBeanFactory.doGetBean(AbstractBeanFactory.java:333) ~[spring-beans-5.3.25.jar:5.3.25]
	at org.springframework.beans.factory.support.AbstractBeanFactory.getBean(AbstractBeanFactory.java:208) ~[spring-beans-5.3.25.jar:5.3.25]
	at org.springframework.beans.factory.support.DefaultListableBeanFactory.preInstantiateSingletons(DefaultListableBeanFactory.java:955) ~[spring-beans-5.3.25.jar:5.3.25]
	at org.springframework.context.support.AbstractApplicationContext.finishBeanFactoryInitialization(AbstractApplicationContext.java:918) ~[spring-context-5.3.25.jar:5.3.25]
	at org.springframework.context.support.AbstractApplicationContext.refresh(AbstractApplicationContext.java:583) ~[spring-context-5.3.25.jar:5.3.25]
	at org.springframework.boot.web.servlet.context.ServletWebServerApplicationContext.refresh(ServletWebServerApplicationContext.java:147) ~[spring-boot-2.7.8.jar:2.7.8]
	at org.springframework.boot.SpringApplication.refresh(SpringApplication.java:731) [spring-boot-2.7.8.jar:2.7.8]
	at org.springframework.boot.SpringApplication.refreshContext(SpringApplication.java:408) [spring-boot-2.7.8.jar:2.7.8]
	at org.springframework.boot.SpringApplication.run(SpringApplication.java:307) [spring-boot-2.7.8.jar:2.7.8]
	at org.springframework.boot.SpringApplication.run(SpringApplication.java:1303) [spring-boot-2.7.8.jar:2.7.8]
	at org.springframework.boot.SpringApplication.run(SpringApplication.java:1292) [spring-boot-2.7.8.jar:2.7.8]
	at com.example.demo.DemoApplication.main(DemoApplication.java:12) [classes/:na]
	at sun.reflect.NativeMethodAccessorImpl.invoke0(Native Method) ~[na:1.8.0_192]
	at sun.reflect.NativeMethodAccessorImpl.invoke(NativeMethodAccessorImpl.java:62) ~[na:1.8.0_192]
	at sun.reflect.DelegatingMethodAccessorImpl.invoke(DelegatingMethodAccessorImpl.java:43) ~[na:1.8.0_192]
	at java.lang.reflect.Method.invoke(Method.java:498) ~[na:1.8.0_192]
	at org.springframework.boot.devtools.restart.RestartLauncher.run(RestartLauncher.java:49) [spring-boot-devtools-2.7.8.jar:2.7.8]
Caused by: org.springframework.data.redis.RedisConnectionFailureException: Unable to connect to Redis; nested exception is io.lettuce.core.RedisConnectionException: Unable to connect to 62.234.10.69:9574
	at org.springframework.data.redis.connection.lettuce.LettuceConnectionFactory$ExceptionTranslatingConnectionProvider.translateException(LettuceConnectionFactory.java:1689) ~[spring-data-redis-2.7.7.jar:2.7.7]
	at org.springframework.data.redis.connection.lettuce.LettuceConnectionFactory$ExceptionTranslatingConnectionProvider.getConnection(LettuceConnectionFactory.java:1597) ~[spring-data-redis-2.7.7.jar:2.7.7]
	at org.springframework.data.redis.connection.lettuce.LettuceConnectionFactory$SharedConnection.getNativeConnection(LettuceConnectionFactory.java:1383) ~[spring-data-redis-2.7.7.jar:2.7.7]
	at org.springframework.data.redis.connection.lettuce.LettuceConnectionFactory$SharedConnection.getConnection(LettuceConnectionFactory.java:1366) ~[spring-data-redis-2.7.7.jar:2.7.7]
	at org.springframework.data.redis.connection.lettuce.LettuceConnectionFactory.getSharedConnection(LettuceConnectionFactory.java:1093) ~[spring-data-redis-2.7.7.jar:2.7.7]
	at org.springframework.data.redis.connection.lettuce.LettuceConnectionFactory.getConnection(LettuceConnectionFactory.java:421) ~[spring-data-redis-2.7.7.jar:2.7.7]
	at org.springframework.session.data.redis.config.annotation.web.http.RedisHttpSessionConfiguration$EnableRedisKeyspaceNotificationsInitializer.afterPropertiesSet(RedisHttpSessionConfiguration.java:331) ~[spring-session-data-redis-2.7.0.jar:2.7.0]
	at org.springframework.beans.factory.support.AbstractAutowireCapableBeanFactory.invokeInitMethods(AbstractAutowireCapableBeanFactory.java:1863) ~[spring-beans-5.3.25.jar:5.3.25]
	at org.springframework.beans.factory.support.AbstractAutowireCapableBeanFactory.initializeBean(AbstractAutowireCapableBeanFactory.java:1800) ~[spring-beans-5.3.25.jar:5.3.25]
	... 21 common frames omitted
Caused by: io.lettuce.core.RedisConnectionException: Unable to connect to 62.234.10.69:9574
	at io.lettuce.core.RedisConnectionException.create(RedisConnectionException.java:78) ~[lettuce-core-6.1.10.RELEASE.jar:6.1.10.RELEASE]
	at io.lettuce.core.RedisConnectionException.create(RedisConnectionException.java:56) ~[lettuce-core-6.1.10.RELEASE.jar:6.1.10.RELEASE]
	at io.lettuce.core.AbstractRedisClient.getConnection(AbstractRedisClient.java:330) ~[lettuce-core-6.1.10.RELEASE.jar:6.1.10.RELEASE]
	at io.lettuce.core.RedisClient.connect(RedisClient.java:216) ~[lettuce-core-6.1.10.RELEASE.jar:6.1.10.RELEASE]
	at org.springframework.data.redis.connection.lettuce.StandaloneConnectionProvider.lambda$getConnection$1(StandaloneConnectionProvider.java:115) ~[spring-data-redis-2.7.7.jar:2.7.7]
	at java.util.Optional.orElseGet(Optional.java:267) ~[na:1.8.0_192]
	at org.springframework.data.redis.connection.lettuce.StandaloneConnectionProvider.getConnection(StandaloneConnectionProvider.java:115) ~[spring-data-redis-2.7.7.jar:2.7.7]
	at org.springframework.data.redis.connection.lettuce.LettuceConnectionFactory$ExceptionTranslatingConnectionProvider.getConnection(LettuceConnectionFactory.java:1595) ~[spring-data-redis-2.7.7.jar:2.7.7]
	... 28 common frames omitted
Caused by: io.netty.channel.ConnectTimeoutException: connection timed out: /62.234.10.69:9574
	at io.netty.channel.nio.AbstractNioChannel$AbstractNioUnsafe$1.run(AbstractNioChannel.java:261) ~[netty-transport-4.1.87.Final.jar:4.1.87.Final]
	at io.netty.util.concurrent.PromiseTask.runTask(PromiseTask.java:98) ~[netty-common-4.1.87.Final.jar:4.1.87.Final]
	at io.netty.util.concurrent.ScheduledFutureTask.run(ScheduledFutureTask.java:153) ~[netty-common-4.1.87.Final.jar:4.1.87.Final]
	at io.netty.util.concurrent.AbstractEventExecutor.runTask(AbstractEventExecutor.java:174) ~[netty-common-4.1.87.Final.jar:4.1.87.Final]
	at io.netty.util.concurrent.AbstractEventExecutor.safeExecute(AbstractEventExecutor.java:167) ~[netty-common-4.1.87.Final.jar:4.1.87.Final]
	at io.netty.util.concurrent.SingleThreadEventExecutor.runAllTasks(SingleThreadEventExecutor.java:470) ~[netty-common-4.1.87.Final.jar:4.1.87.Final]
	at io.netty.channel.nio.NioEventLoop.run(NioEventLoop.java:569) ~[netty-transport-4.1.87.Final.jar:4.1.87.Final]
	at io.netty.util.concurrent.SingleThreadEventExecutor$4.run(SingleThreadEventExecutor.java:997) ~[netty-common-4.1.87.Final.jar:4.1.87.Final]
	at io.netty.util.internal.ThreadExecutorMap$2.run(ThreadExecutorMap.java:74) ~[netty-common-4.1.87.Final.jar:4.1.87.Final]
	at io.netty.util.concurrent.FastThreadLocalRunnable.run(FastThreadLocalRunnable.java:30) ~[netty-common-4.1.87.Final.jar:4.1.87.Final]
	at java.lang.Thread.run(Thread.java:748) ~[na:1.8.0_192]

2024-03-29 12:44:23.409  INFO 33276 --- [restartedMain] com.example.demo.DemoApplication         : Starting DemoApplication using Java 1.8.0_192 on XTZJ-20220402VX with PID 33276 (F:\关于自己关于学习和项目\已上传\项目\manage\user-management\target\classes started by Administrator in F:\关于自己关于学习和项目\已上传\项目\manage\user-management)
2024-03-29 12:44:23.411 DEBUG 33276 --- [restartedMain] com.example.demo.DemoApplication         : Running with Spring Boot v2.7.8, Spring v5.3.25
2024-03-29 12:44:23.412  INFO 33276 --- [restartedMain] com.example.demo.DemoApplication         : The following 1 profile is active: "dev"
2024-03-29 12:44:23.502  INFO 33276 --- [restartedMain] .e.DevToolsPropertyDefaultsPostProcessor : Devtools property defaults active! Set 'spring.devtools.add-properties' to 'false' to disable
2024-03-29 12:44:23.503  INFO 33276 --- [restartedMain] .e.DevToolsPropertyDefaultsPostProcessor : For additional web related logging consider setting the 'logging.level.web' property to 'DEBUG'
2024-03-29 12:44:24.560  INFO 33276 --- [restartedMain] .s.d.r.c.RepositoryConfigurationDelegate : Multiple Spring Data modules found, entering strict repository configuration mode
2024-03-29 12:44:24.566  INFO 33276 --- [restartedMain] .s.d.r.c.RepositoryConfigurationDelegate : Bootstrapping Spring Data Redis repositories in DEFAULT mode.
2024-03-29 12:44:24.601  INFO 33276 --- [restartedMain] .s.d.r.c.RepositoryConfigurationDelegate : Finished Spring Data repository scanning in 12 ms. Found 0 Redis repository interfaces.
2024-03-29 12:44:26.273  INFO 33276 --- [restartedMain] o.s.b.w.embedded.tomcat.TomcatWebServer  : Tomcat initialized with port(s): 8080 (http)
2024-03-29 12:44:26.291  INFO 33276 --- [restartedMain] o.apache.catalina.core.StandardService   : Starting service [Tomcat]
2024-03-29 12:44:26.291  INFO 33276 --- [restartedMain] org.apache.catalina.core.StandardEngine  : Starting Servlet engine: [Apache Tomcat/9.0.71]
2024-03-29 12:44:26.412  INFO 33276 --- [restartedMain] o.a.c.c.C.[.[localhost].[/manage]        : Initializing Spring embedded WebApplicationContext
2024-03-29 12:44:26.413  INFO 33276 --- [restartedMain] w.s.c.ServletWebServerApplicationContext : Root WebApplicationContext: initialization completed in 2908 ms
2024-03-29 12:44:30.160  INFO 33276 --- [restartedMain] o.s.b.d.a.OptionalLiveReloadServer       : LiveReload server is running on port 35729
2024-03-29 12:44:30.201  INFO 33276 --- [restartedMain] o.s.b.w.embedded.tomcat.TomcatWebServer  : Tomcat started on port(s): 8080 (http) with context path '/manage'
2024-03-29 12:44:30.632  INFO 33276 --- [restartedMain] com.example.demo.DemoApplication         : Started DemoApplication in 7.923 seconds (JVM running for 8.809)
2024-03-29 12:44:59.339  INFO 33276 --- [http-nio-8080-exec-1] o.a.c.c.C.[.[localhost].[/manage]        : Initializing Spring DispatcherServlet 'dispatcherServlet'
2024-03-29 12:44:59.340  INFO 33276 --- [http-nio-8080-exec-1] o.s.web.servlet.DispatcherServlet        : Initializing Servlet 'dispatcherServlet'
2024-03-29 12:44:59.341  INFO 33276 --- [http-nio-8080-exec-1] o.s.web.servlet.DispatcherServlet        : Completed initialization in 1 ms
2024-03-29 12:45:01.987  INFO 33276 --- [http-nio-8080-exec-8] com.example.demo.common.AopLog           : [请求 url]: http://127.0.0.1:8080/manage/user/getcaptcha
2024-03-29 12:45:01.989  INFO 33276 --- [http-nio-8080-exec-8] com.example.demo.common.AopLog           : [请求 ip]: 127.0.0.1
2024-03-29 12:45:01.990  INFO 33276 --- [http-nio-8080-exec-8] com.example.demo.common.AopLog           : [请求 类名]: com.example.demo.controller.UserController,[请求 方法名]: getCaptcha
2024-03-29 12:45:02.021  INFO 33276 --- [http-nio-8080-exec-8] com.example.demo.common.AopLog           : [请求 body]: []
2024-03-29 12:45:02.024  INFO 33276 --- [http-nio-8080-exec-8] com.example.demo.common.AopLog           : [请求 参数]: {}
2024-03-29 12:45:02.311  INFO 33276 --- [http-nio-8080-exec-8] com.example.demo.common.AopLog           : [请求 耗时]: 286毫秒
2024-03-29 12:45:02.333  INFO 33276 --- [http-nio-8080-exec-8] com.example.demo.common.AopLog           : [浏览器类型]: CHROME10,[操作系统]: WINDOWS_10,[原始User-Agent]: Mozilla/5.0 (Windows NT 10.0; Win64; x64) AppleWebKit/537.36 (KHTML, like Gecko) Chrome/109.0.0.0 Safari/537.36
2024-03-29 12:45:02.392  INFO 33276 --- [http-nio-8080-exec-8] com.example.demo.common.AopLog           : [返回值]: {"code":200,"msg":"","data":"/manage/captcha/a6375a96838445d6893f5c57becbb18f.png?res=a6375a96838445d6893f5c57becbb18f"}
2024-03-29 12:45:27.992  INFO 52436 --- [restartedMain] com.example.demo.DemoApplication         : Starting DemoApplication using Java 1.8.0_192 on XTZJ-20220402VX with PID 52436 (F:\关于自己关于学习和项目\已上传\项目\manage\user-management\target\classes started by Administrator in F:\关于自己关于学习和项目\已上传\项目\manage\user-management)
2024-03-29 12:45:27.993 DEBUG 52436 --- [restartedMain] com.example.demo.DemoApplication         : Running with Spring Boot v2.7.8, Spring v5.3.25
2024-03-29 12:45:27.994  INFO 52436 --- [restartedMain] com.example.demo.DemoApplication         : The following 1 profile is active: "dev"
2024-03-29 12:45:28.077  INFO 52436 --- [restartedMain] .e.DevToolsPropertyDefaultsPostProcessor : Devtools property defaults active! Set 'spring.devtools.add-properties' to 'false' to disable
2024-03-29 12:45:28.078  INFO 52436 --- [restartedMain] .e.DevToolsPropertyDefaultsPostProcessor : For additional web related logging consider setting the 'logging.level.web' property to 'DEBUG'
2024-03-29 12:45:29.087  INFO 52436 --- [restartedMain] .s.d.r.c.RepositoryConfigurationDelegate : Multiple Spring Data modules found, entering strict repository configuration mode
2024-03-29 12:45:29.090  INFO 52436 --- [restartedMain] .s.d.r.c.RepositoryConfigurationDelegate : Bootstrapping Spring Data Redis repositories in DEFAULT mode.
2024-03-29 12:45:29.126  INFO 52436 --- [restartedMain] .s.d.r.c.RepositoryConfigurationDelegate : Finished Spring Data repository scanning in 14 ms. Found 0 Redis repository interfaces.
2024-03-29 12:45:30.839  INFO 52436 --- [restartedMain] o.s.b.w.embedded.tomcat.TomcatWebServer  : Tomcat initialized with port(s): 8080 (http)
2024-03-29 12:45:30.856  INFO 52436 --- [restartedMain] o.apache.catalina.core.StandardService   : Starting service [Tomcat]
2024-03-29 12:45:30.857  INFO 52436 --- [restartedMain] org.apache.catalina.core.StandardEngine  : Starting Servlet engine: [Apache Tomcat/9.0.71]
2024-03-29 12:45:30.969  INFO 52436 --- [restartedMain] o.a.c.c.C.[.[localhost].[/manage]        : Initializing Spring embedded WebApplicationContext
2024-03-29 12:45:30.970  INFO 52436 --- [restartedMain] w.s.c.ServletWebServerApplicationContext : Root WebApplicationContext: initialization completed in 2891 ms
2024-03-29 12:45:36.285  INFO 52436 --- [restartedMain] o.s.b.d.a.OptionalLiveReloadServer       : LiveReload server is running on port 35729
2024-03-29 12:45:36.324  INFO 52436 --- [restartedMain] o.s.b.w.embedded.tomcat.TomcatWebServer  : Tomcat started on port(s): 8080 (http) with context path '/manage'
2024-03-29 12:45:38.622  INFO 52436 --- [restartedMain] com.example.demo.DemoApplication         : Started DemoApplication in 11.285 seconds (JVM running for 12.091)
2024-03-29 12:45:44.390  INFO 52436 --- [http-nio-8080-exec-1] o.a.c.c.C.[.[localhost].[/manage]        : Initializing Spring DispatcherServlet 'dispatcherServlet'
2024-03-29 12:45:44.390  INFO 52436 --- [http-nio-8080-exec-1] o.s.web.servlet.DispatcherServlet        : Initializing Servlet 'dispatcherServlet'
2024-03-29 12:45:44.391  INFO 52436 --- [http-nio-8080-exec-1] o.s.web.servlet.DispatcherServlet        : Completed initialization in 1 ms
2024-03-29 12:45:48.254  INFO 52436 --- [http-nio-8080-exec-9] com.example.demo.common.AopLog           : [请求 url]: http://127.0.0.1:8080/manage/user/list
2024-03-29 12:45:48.256  INFO 52436 --- [http-nio-8080-exec-9] com.example.demo.common.AopLog           : [请求 ip]: 127.0.0.1
2024-03-29 12:45:48.257  INFO 52436 --- [http-nio-8080-exec-9] com.example.demo.common.AopLog           : [请求 类名]: com.example.demo.controller.UserController,[请求 方法名]: getList
2024-03-29 12:45:48.366  INFO 52436 --- [http-nio-8080-exec-9] com.example.demo.common.AopLog           : [请求 body]: [3,1,{"isadmin":false,"state":0}]
2024-03-29 12:45:48.367  INFO 52436 --- [http-nio-8080-exec-9] com.example.demo.common.AopLog           : [请求 参数]: {"psize":["3"],"pindex":["1"]}
2024-03-29 12:45:48.438  INFO 52436 --- [http-nio-8080-exec-9] com.zaxxer.hikari.HikariDataSource       : HikariPool-1 - Starting...
2024-03-29 12:45:48.723  INFO 52436 --- [http-nio-8080-exec-9] com.zaxxer.hikari.HikariDataSource       : HikariPool-1 - Start completed.
2024-03-29 12:45:48.856  INFO 52436 --- [http-nio-8080-exec-9] com.example.demo.common.AopLog           : [请求 耗时]: 489毫秒
2024-03-29 12:45:48.877  INFO 52436 --- [http-nio-8080-exec-9] com.example.demo.common.AopLog           : [浏览器类型]: CHROME10,[操作系统]: WINDOWS_10,[原始User-Agent]: Mozilla/5.0 (Windows NT 10.0; Win64; x64) AppleWebKit/537.36 (KHTML, like Gecko) Chrome/109.0.0.0 Safari/537.36
2024-03-29 12:45:48.880  INFO 52436 --- [http-nio-8080-exec-9] com.example.demo.common.AopLog           : [返回值]: {"code":200,"msg":"","data":{"totalcount":8,"pcount":3,"list":[{"id":1,"loginname":"peachmango123456","username":"admin1","sex":"男","age":0,"isadmin":true,"state":0},{"id":2,"loginname":"peachmango","username":"peachmango","sex":"女","age":0,"isadmin":true,"state":0},{"id":3,"loginname":"peach","username":"peach","sex":"男","age":0,"isadmin":false,"state":0}]}}
2024-03-29 12:45:55.669 ERROR 52436 --- [http-nio-8080-exec-4] com.example.demo.config.ErrorAdvice      : null
2024-03-29 12:45:55.671  WARN 52436 --- [http-nio-8080-exec-4] .m.m.a.ExceptionHandlerExceptionResolver : Resolved [java.lang.NullPointerException]
2024-03-29 12:46:07.004  INFO 52436 --- [http-nio-8080-exec-9] com.example.demo.common.AopLog           : [请求 url]: http://127.0.0.1:8080/manage/user/getcaptcha
2024-03-29 12:46:07.004  INFO 52436 --- [http-nio-8080-exec-9] com.example.demo.common.AopLog           : [请求 ip]: 127.0.0.1
2024-03-29 12:46:07.005  INFO 52436 --- [http-nio-8080-exec-9] com.example.demo.common.AopLog           : [请求 类名]: com.example.demo.controller.UserController,[请求 方法名]: getCaptcha
2024-03-29 12:46:07.005  INFO 52436 --- [http-nio-8080-exec-9] com.example.demo.common.AopLog           : [请求 body]: []
2024-03-29 12:46:07.006  INFO 52436 --- [http-nio-8080-exec-9] com.example.demo.common.AopLog           : [请求 参数]: {}
2024-03-29 12:46:08.539  INFO 52436 --- [http-nio-8080-exec-9] com.example.demo.common.AopLog           : [请求 耗时]: 1532毫秒
2024-03-29 12:46:08.540  INFO 52436 --- [http-nio-8080-exec-9] com.example.demo.common.AopLog           : [浏览器类型]: CHROME10,[操作系统]: WINDOWS_10,[原始User-Agent]: Mozilla/5.0 (Windows NT 10.0; Win64; x64) AppleWebKit/537.36 (KHTML, like Gecko) Chrome/109.0.0.0 Safari/537.36
2024-03-29 12:46:08.541  INFO 52436 --- [http-nio-8080-exec-9] com.example.demo.common.AopLog           : [返回值]: {"code":200,"msg":"","data":"/manage/captcha/6f570b61a4bd46d79b54185017ac7041.png?res=6f570b61a4bd46d79b54185017ac7041"}
2024-03-29 12:46:11.997  INFO 52436 --- [http-nio-8080-exec-4] com.example.demo.common.AopLog           : [请求 url]: http://127.0.0.1:8080/manage/user/getcaptcha
2024-03-29 12:46:11.998  INFO 52436 --- [http-nio-8080-exec-4] com.example.demo.common.AopLog           : [请求 ip]: 127.0.0.1
2024-03-29 12:46:11.998  INFO 52436 --- [http-nio-8080-exec-4] com.example.demo.common.AopLog           : [请求 类名]: com.example.demo.controller.UserController,[请求 方法名]: getCaptcha
2024-03-29 12:46:11.998  INFO 52436 --- [http-nio-8080-exec-4] com.example.demo.common.AopLog           : [请求 body]: []
2024-03-29 12:46:11.999  INFO 52436 --- [http-nio-8080-exec-4] com.example.demo.common.AopLog           : [请求 参数]: {}
2024-03-29 12:46:12.266  INFO 52436 --- [http-nio-8080-exec-4] com.example.demo.common.AopLog           : [请求 耗时]: 267毫秒
2024-03-29 12:46:12.267  INFO 52436 --- [http-nio-8080-exec-4] com.example.demo.common.AopLog           : [浏览器类型]: CHROME10,[操作系统]: WINDOWS_10,[原始User-Agent]: Mozilla/5.0 (Windows NT 10.0; Win64; x64) AppleWebKit/537.36 (KHTML, like Gecko) Chrome/109.0.0.0 Safari/537.36
2024-03-29 12:46:12.269  INFO 52436 --- [http-nio-8080-exec-4] com.example.demo.common.AopLog           : [返回值]: {"code":200,"msg":"","data":"/manage/captcha/20c4a6d7f0564221951f317f50cf3524.png?res=20c4a6d7f0564221951f317f50cf3524"}
2024-03-29 12:46:32.830  INFO 52436 --- [http-nio-8080-exec-3] com.example.demo.common.AopLog           : [请求 url]: http://127.0.0.1:8080/manage/user/login
2024-03-29 12:46:32.830  INFO 52436 --- [http-nio-8080-exec-3] com.example.demo.common.AopLog           : [请求 ip]: 127.0.0.1
2024-03-29 12:46:32.831  INFO 52436 --- [http-nio-8080-exec-3] com.example.demo.common.AopLog           : [请求 类名]: com.example.demo.controller.UserController,[请求 方法名]: login
2024-03-29 12:46:32.843  INFO 52436 --- [http-nio-8080-exec-3] com.example.demo.common.AopLog           : [请求 body]: [{"requestedSessionIdValid":false,"request":{}},{"loginname":"peach11","password":"123456789","isadmin":false,"state":0},"lm7th","20c4a6d7f0564221951f317f50cf3524"]
2024-03-29 12:46:32.844  INFO 52436 --- [http-nio-8080-exec-3] com.example.demo.common.AopLog           : [请求 参数]: {"loginname":["peach11"],"password":["123456789"],"captchatext":["lm7th"],"uuid":["20c4a6d7f0564221951f317f50cf3524"]}
2024-03-29 12:46:35.269  INFO 52436 --- [http-nio-8080-exec-3] com.example.demo.common.AopLog           : [请求 耗时]: 2425毫秒
2024-03-29 12:46:35.270  INFO 52436 --- [http-nio-8080-exec-3] com.example.demo.common.AopLog           : [浏览器类型]: CHROME10,[操作系统]: WINDOWS_10,[原始User-Agent]: Mozilla/5.0 (Windows NT 10.0; Win64; x64) AppleWebKit/537.36 (KHTML, like Gecko) Chrome/109.0.0.0 Safari/537.36
2024-03-29 12:46:35.277  INFO 52436 --- [http-nio-8080-exec-3] com.example.demo.common.AopLog           : [返回值]: {"code":200,"msg":"","data":{"id":9,"loginname":"peach11","username":"peach11","password":"","sex":"男","age":23,"address":"广东","qq":"","email":"","isadmin":true,"state":1,"createtime":1707749456000,"updatetime":1707749456000}}
2024-03-29 12:46:48.274  INFO 52436 --- [http-nio-8080-exec-8] com.example.demo.common.AopLog           : [请求 url]: http://127.0.0.1:8080/manage/user/list
2024-03-29 12:46:48.274  INFO 52436 --- [http-nio-8080-exec-8] com.example.demo.common.AopLog           : [请求 ip]: 127.0.0.1
2024-03-29 12:46:48.274  INFO 52436 --- [http-nio-8080-exec-8] com.example.demo.common.AopLog           : [请求 类名]: com.example.demo.controller.UserController,[请求 方法名]: getList
2024-03-29 12:46:48.274  INFO 52436 --- [http-nio-8080-exec-8] com.example.demo.common.AopLog           : [请求 body]: [3,1,{"isadmin":false,"state":0}]
2024-03-29 12:46:48.275  INFO 52436 --- [http-nio-8080-exec-8] com.example.demo.common.AopLog           : [请求 参数]: {"psize":["3"],"pindex":["1"]}
2024-03-29 12:46:48.280  INFO 52436 --- [http-nio-8080-exec-8] com.example.demo.common.AopLog           : [请求 耗时]: 5毫秒
2024-03-29 12:46:48.280  INFO 52436 --- [http-nio-8080-exec-8] com.example.demo.common.AopLog           : [浏览器类型]: CHROME10,[操作系统]: WINDOWS_10,[原始User-Agent]: Mozilla/5.0 (Windows NT 10.0; Win64; x64) AppleWebKit/537.36 (KHTML, like Gecko) Chrome/109.0.0.0 Safari/537.36
2024-03-29 12:46:48.282  INFO 52436 --- [http-nio-8080-exec-8] com.example.demo.common.AopLog           : [返回值]: {"code":200,"msg":"","data":{"totalcount":8,"pcount":3,"list":[{"id":1,"loginname":"peachmango123456","username":"admin1","sex":"男","age":0,"isadmin":true,"state":0},{"id":2,"loginname":"peachmango","username":"peachmango","sex":"女","age":0,"isadmin":true,"state":0},{"id":3,"loginname":"peach","username":"peach","sex":"男","age":0,"isadmin":false,"state":0}]}}
2024-03-29 12:47:17.380 ERROR 52436 --- [http-nio-8080-exec-5] com.example.demo.config.ErrorAdvice      : null
2024-03-29 12:47:19.096  WARN 52436 --- [http-nio-8080-exec-5] .m.m.a.ExceptionHandlerExceptionResolver : Resolved [java.lang.NullPointerException]
2024-03-29 12:47:32.030  INFO 39064 --- [restartedMain] com.example.demo.DemoApplication         : Starting DemoApplication using Java 1.8.0_192 on XTZJ-20220402VX with PID 39064 (F:\关于自己关于学习和项目\已上传\项目\manage\user-management\target\classes started by Administrator in F:\关于自己关于学习和项目\已上传\项目\manage\user-management)
2024-03-29 12:47:32.033 DEBUG 39064 --- [restartedMain] com.example.demo.DemoApplication         : Running with Spring Boot v2.7.8, Spring v5.3.25
2024-03-29 12:47:32.034  INFO 39064 --- [restartedMain] com.example.demo.DemoApplication         : The following 1 profile is active: "dev"
2024-03-29 12:47:32.155  INFO 39064 --- [restartedMain] .e.DevToolsPropertyDefaultsPostProcessor : Devtools property defaults active! Set 'spring.devtools.add-properties' to 'false' to disable
2024-03-29 12:47:32.156  INFO 39064 --- [restartedMain] .e.DevToolsPropertyDefaultsPostProcessor : For additional web related logging consider setting the 'logging.level.web' property to 'DEBUG'
2024-03-29 12:47:33.343  INFO 39064 --- [restartedMain] .s.d.r.c.RepositoryConfigurationDelegate : Multiple Spring Data modules found, entering strict repository configuration mode
2024-03-29 12:47:33.348  INFO 39064 --- [restartedMain] .s.d.r.c.RepositoryConfigurationDelegate : Bootstrapping Spring Data Redis repositories in DEFAULT mode.
2024-03-29 12:47:33.388  INFO 39064 --- [restartedMain] .s.d.r.c.RepositoryConfigurationDelegate : Finished Spring Data repository scanning in 16 ms. Found 0 Redis repository interfaces.
2024-03-29 12:47:35.318  INFO 39064 --- [restartedMain] o.s.b.w.embedded.tomcat.TomcatWebServer  : Tomcat initialized with port(s): 8080 (http)
2024-03-29 12:47:35.340  INFO 39064 --- [restartedMain] o.apache.catalina.core.StandardService   : Starting service [Tomcat]
2024-03-29 12:47:35.341  INFO 39064 --- [restartedMain] org.apache.catalina.core.StandardEngine  : Starting Servlet engine: [Apache Tomcat/9.0.71]
2024-03-29 12:47:35.463  INFO 39064 --- [restartedMain] o.a.c.c.C.[.[localhost].[/manage]        : Initializing Spring embedded WebApplicationContext
2024-03-29 12:47:35.464  INFO 39064 --- [restartedMain] w.s.c.ServletWebServerApplicationContext : Root WebApplicationContext: initialization completed in 3307 ms
2024-03-29 12:47:40.649  INFO 39064 --- [restartedMain] o.s.b.d.a.OptionalLiveReloadServer       : LiveReload server is running on port 35729
2024-03-29 12:47:40.695  INFO 39064 --- [restartedMain] o.s.b.w.embedded.tomcat.TomcatWebServer  : Tomcat started on port(s): 8080 (http) with context path '/manage'
2024-03-29 12:47:41.748  INFO 39064 --- [restartedMain] com.example.demo.DemoApplication         : Started DemoApplication in 10.583 seconds (JVM running for 11.434)
2024-03-29 12:47:52.533  INFO 39064 --- [http-nio-8080-exec-1] o.a.c.c.C.[.[localhost].[/manage]        : Initializing Spring DispatcherServlet 'dispatcherServlet'
2024-03-29 12:47:52.533  INFO 39064 --- [http-nio-8080-exec-1] o.s.web.servlet.DispatcherServlet        : Initializing Servlet 'dispatcherServlet'
2024-03-29 12:47:52.535  INFO 39064 --- [http-nio-8080-exec-1] o.s.web.servlet.DispatcherServlet        : Completed initialization in 2 ms
2024-03-29 12:48:23.588 ERROR 39064 --- [http-nio-8080-exec-1] com.example.demo.config.ErrorAdvice      : null
2024-03-29 12:48:26.002  WARN 39064 --- [http-nio-8080-exec-1] .m.m.a.ExceptionHandlerExceptionResolver : Resolved [java.lang.NullPointerException]
2024-03-29 12:48:35.367  INFO 39876 --- [restartedMain] com.example.demo.DemoApplication         : Starting DemoApplication using Java 1.8.0_192 on XTZJ-20220402VX with PID 39876 (F:\关于自己关于学习和项目\已上传\项目\manage\user-management\target\classes started by Administrator in F:\关于自己关于学习和项目\已上传\项目\manage\user-management)
2024-03-29 12:48:35.369 DEBUG 39876 --- [restartedMain] com.example.demo.DemoApplication         : Running with Spring Boot v2.7.8, Spring v5.3.25
2024-03-29 12:48:35.369  INFO 39876 --- [restartedMain] com.example.demo.DemoApplication         : The following 1 profile is active: "dev"
2024-03-29 12:48:35.468  INFO 39876 --- [restartedMain] .e.DevToolsPropertyDefaultsPostProcessor : Devtools property defaults active! Set 'spring.devtools.add-properties' to 'false' to disable
2024-03-29 12:48:35.468  INFO 39876 --- [restartedMain] .e.DevToolsPropertyDefaultsPostProcessor : For additional web related logging consider setting the 'logging.level.web' property to 'DEBUG'
2024-03-29 12:48:36.535  INFO 39876 --- [restartedMain] .s.d.r.c.RepositoryConfigurationDelegate : Multiple Spring Data modules found, entering strict repository configuration mode
2024-03-29 12:48:36.540  INFO 39876 --- [restartedMain] .s.d.r.c.RepositoryConfigurationDelegate : Bootstrapping Spring Data Redis repositories in DEFAULT mode.
2024-03-29 12:48:36.579  INFO 39876 --- [restartedMain] .s.d.r.c.RepositoryConfigurationDelegate : Finished Spring Data repository scanning in 14 ms. Found 0 Redis repository interfaces.
2024-03-29 12:48:38.479  INFO 39876 --- [restartedMain] o.s.b.w.embedded.tomcat.TomcatWebServer  : Tomcat initialized with port(s): 8080 (http)
2024-03-29 12:48:38.496  INFO 39876 --- [restartedMain] o.apache.catalina.core.StandardService   : Starting service [Tomcat]
2024-03-29 12:48:38.496  INFO 39876 --- [restartedMain] org.apache.catalina.core.StandardEngine  : Starting Servlet engine: [Apache Tomcat/9.0.71]
2024-03-29 12:48:38.607  INFO 39876 --- [restartedMain] o.a.c.c.C.[.[localhost].[/manage]        : Initializing Spring embedded WebApplicationContext
2024-03-29 12:48:38.608  INFO 39876 --- [restartedMain] w.s.c.ServletWebServerApplicationContext : Root WebApplicationContext: initialization completed in 3139 ms
2024-03-29 12:48:42.706  INFO 39876 --- [restartedMain] o.s.b.d.a.OptionalLiveReloadServer       : LiveReload server is running on port 35729
2024-03-29 12:48:42.745  INFO 39876 --- [restartedMain] o.s.b.w.embedded.tomcat.TomcatWebServer  : Tomcat started on port(s): 8080 (http) with context path '/manage'
2024-03-29 12:48:43.102  INFO 39876 --- [restartedMain] com.example.demo.DemoApplication         : Started DemoApplication in 8.73 seconds (JVM running for 10.251)
2024-03-29 12:48:53.096  INFO 39876 --- [http-nio-8080-exec-1] o.a.c.c.C.[.[localhost].[/manage]        : Initializing Spring DispatcherServlet 'dispatcherServlet'
2024-03-29 12:48:53.097  INFO 39876 --- [http-nio-8080-exec-1] o.s.web.servlet.DispatcherServlet        : Initializing Servlet 'dispatcherServlet'
2024-03-29 12:48:53.099  INFO 39876 --- [http-nio-8080-exec-1] o.s.web.servlet.DispatcherServlet        : Completed initialization in 2 ms
2024-03-29 12:51:15.733  INFO 53956 --- [restartedMain] com.example.demo.DemoApplication         : Starting DemoApplication using Java 1.8.0_192 on XTZJ-20220402VX with PID 53956 (F:\关于自己关于学习和项目\已上传\项目\manage\user-management\target\classes started by Administrator in F:\关于自己关于学习和项目\已上传\项目\manage\user-management)
2024-03-29 12:51:15.734 DEBUG 53956 --- [restartedMain] com.example.demo.DemoApplication         : Running with Spring Boot v2.7.8, Spring v5.3.25
2024-03-29 12:51:15.735  INFO 53956 --- [restartedMain] com.example.demo.DemoApplication         : The following 1 profile is active: "dev"
2024-03-29 12:51:15.825  INFO 53956 --- [restartedMain] .e.DevToolsPropertyDefaultsPostProcessor : Devtools property defaults active! Set 'spring.devtools.add-properties' to 'false' to disable
2024-03-29 12:51:15.825  INFO 53956 --- [restartedMain] .e.DevToolsPropertyDefaultsPostProcessor : For additional web related logging consider setting the 'logging.level.web' property to 'DEBUG'
2024-03-29 12:51:16.929  INFO 53956 --- [restartedMain] .s.d.r.c.RepositoryConfigurationDelegate : Multiple Spring Data modules found, entering strict repository configuration mode
2024-03-29 12:51:16.933  INFO 53956 --- [restartedMain] .s.d.r.c.RepositoryConfigurationDelegate : Bootstrapping Spring Data Redis repositories in DEFAULT mode.
2024-03-29 12:51:16.969  INFO 53956 --- [restartedMain] .s.d.r.c.RepositoryConfigurationDelegate : Finished Spring Data repository scanning in 13 ms. Found 0 Redis repository interfaces.
2024-03-29 12:51:18.755  INFO 53956 --- [restartedMain] o.s.b.w.embedded.tomcat.TomcatWebServer  : Tomcat initialized with port(s): 8080 (http)
2024-03-29 12:51:18.776  INFO 53956 --- [restartedMain] o.apache.catalina.core.StandardService   : Starting service [Tomcat]
2024-03-29 12:51:18.777  INFO 53956 --- [restartedMain] org.apache.catalina.core.StandardEngine  : Starting Servlet engine: [Apache Tomcat/9.0.71]
2024-03-29 12:51:18.891  INFO 53956 --- [restartedMain] o.a.c.c.C.[.[localhost].[/manage]        : Initializing Spring embedded WebApplicationContext
2024-03-29 12:51:18.891  INFO 53956 --- [restartedMain] w.s.c.ServletWebServerApplicationContext : Root WebApplicationContext: initialization completed in 3065 ms
2024-03-29 12:51:22.750  INFO 53956 --- [restartedMain] o.s.b.d.a.OptionalLiveReloadServer       : LiveReload server is running on port 35729
2024-03-29 12:51:22.796  INFO 53956 --- [restartedMain] o.s.b.w.embedded.tomcat.TomcatWebServer  : Tomcat started on port(s): 8080 (http) with context path '/manage'
2024-03-29 12:51:23.175  INFO 53956 --- [restartedMain] com.example.demo.DemoApplication         : Started DemoApplication in 8.18 seconds (JVM running for 8.985)
2024-03-29 12:51:37.386  INFO 53956 --- [http-nio-8080-exec-1] o.a.c.c.C.[.[localhost].[/manage]        : Initializing Spring DispatcherServlet 'dispatcherServlet'
2024-03-29 12:51:37.386  INFO 53956 --- [http-nio-8080-exec-1] o.s.web.servlet.DispatcherServlet        : Initializing Servlet 'dispatcherServlet'
2024-03-29 12:51:37.388  INFO 53956 --- [http-nio-8080-exec-1] o.s.web.servlet.DispatcherServlet        : Completed initialization in 2 ms
2024-03-29 12:52:44.038  INFO 53216 --- [restartedMain] com.example.demo.DemoApplication         : Starting DemoApplication using Java 1.8.0_192 on XTZJ-20220402VX with PID 53216 (F:\关于自己关于学习和项目\已上传\项目\manage\user-management\target\classes started by Administrator in F:\关于自己关于学习和项目\已上传\项目\manage\user-management)
2024-03-29 12:52:44.040 DEBUG 53216 --- [restartedMain] com.example.demo.DemoApplication         : Running with Spring Boot v2.7.8, Spring v5.3.25
2024-03-29 12:52:44.041  INFO 53216 --- [restartedMain] com.example.demo.DemoApplication         : The following 1 profile is active: "dev"
2024-03-29 12:52:44.117  INFO 53216 --- [restartedMain] .e.DevToolsPropertyDefaultsPostProcessor : Devtools property defaults active! Set 'spring.devtools.add-properties' to 'false' to disable
2024-03-29 12:52:44.118  INFO 53216 --- [restartedMain] .e.DevToolsPropertyDefaultsPostProcessor : For additional web related logging consider setting the 'logging.level.web' property to 'DEBUG'
2024-03-29 12:52:45.139  INFO 53216 --- [restartedMain] .s.d.r.c.RepositoryConfigurationDelegate : Multiple Spring Data modules found, entering strict repository configuration mode
2024-03-29 12:52:45.143  INFO 53216 --- [restartedMain] .s.d.r.c.RepositoryConfigurationDelegate : Bootstrapping Spring Data Redis repositories in DEFAULT mode.
2024-03-29 12:52:45.185  INFO 53216 --- [restartedMain] .s.d.r.c.RepositoryConfigurationDelegate : Finished Spring Data repository scanning in 14 ms. Found 0 Redis repository interfaces.
2024-03-29 12:52:46.969  INFO 53216 --- [restartedMain] o.s.b.w.embedded.tomcat.TomcatWebServer  : Tomcat initialized with port(s): 8080 (http)
2024-03-29 12:52:46.985  INFO 53216 --- [restartedMain] o.apache.catalina.core.StandardService   : Starting service [Tomcat]
2024-03-29 12:52:46.986  INFO 53216 --- [restartedMain] org.apache.catalina.core.StandardEngine  : Starting Servlet engine: [Apache Tomcat/9.0.71]
2024-03-29 12:52:47.092  INFO 53216 --- [restartedMain] o.a.c.c.C.[.[localhost].[/manage]        : Initializing Spring embedded WebApplicationContext
2024-03-29 12:52:47.092  INFO 53216 --- [restartedMain] w.s.c.ServletWebServerApplicationContext : Root WebApplicationContext: initialization completed in 2973 ms
2024-03-29 12:52:50.702  INFO 53216 --- [restartedMain] o.s.b.d.a.OptionalLiveReloadServer       : LiveReload server is running on port 35729
2024-03-29 12:52:50.753  INFO 53216 --- [restartedMain] o.s.b.w.embedded.tomcat.TomcatWebServer  : Tomcat started on port(s): 8080 (http) with context path '/manage'
2024-03-29 12:52:51.125  INFO 53216 --- [restartedMain] com.example.demo.DemoApplication         : Started DemoApplication in 8.062 seconds (JVM running for 9.406)
2024-03-29 12:52:55.602  INFO 53216 --- [http-nio-8080-exec-1] o.a.c.c.C.[.[localhost].[/manage]        : Initializing Spring DispatcherServlet 'dispatcherServlet'
2024-03-29 12:52:55.603  INFO 53216 --- [http-nio-8080-exec-1] o.s.web.servlet.DispatcherServlet        : Initializing Servlet 'dispatcherServlet'
2024-03-29 12:52:55.604  INFO 53216 --- [http-nio-8080-exec-1] o.s.web.servlet.DispatcherServlet        : Completed initialization in 1 ms
2024-03-29 12:52:56.448  INFO 53216 --- [http-nio-8080-exec-1] com.example.demo.common.AopLog           : [请求 url]: http://127.0.0.1:8080/manage/user/list
2024-03-29 12:52:56.450  INFO 53216 --- [http-nio-8080-exec-1] com.example.demo.common.AopLog           : [请求 ip]: 127.0.0.1
2024-03-29 12:52:56.451  INFO 53216 --- [http-nio-8080-exec-1] com.example.demo.common.AopLog           : [请求 类名]: com.example.demo.controller.UserController,[请求 方法名]: getList
2024-03-29 12:52:56.556  INFO 53216 --- [http-nio-8080-exec-1] com.example.demo.common.AopLog           : [请求 body]: [3,3,{"isadmin":false,"state":0}]
2024-03-29 12:52:56.557  INFO 53216 --- [http-nio-8080-exec-1] com.example.demo.common.AopLog           : [请求 参数]: {"psize":["3"],"pindex":["3"]}
2024-03-29 12:52:56.635  INFO 53216 --- [http-nio-8080-exec-1] com.zaxxer.hikari.HikariDataSource       : HikariPool-1 - Starting...
2024-03-29 12:52:56.874  INFO 53216 --- [http-nio-8080-exec-1] com.zaxxer.hikari.HikariDataSource       : HikariPool-1 - Start completed.
2024-03-29 12:52:56.953  INFO 53216 --- [http-nio-8080-exec-1] com.example.demo.common.AopLog           : [请求 耗时]: 395毫秒
2024-03-29 12:52:56.971  INFO 53216 --- [http-nio-8080-exec-1] com.example.demo.common.AopLog           : [浏览器类型]: CHROME10,[操作系统]: WINDOWS_10,[原始User-Agent]: Mozilla/5.0 (Windows NT 10.0; Win64; x64) AppleWebKit/537.36 (KHTML, like Gecko) Chrome/109.0.0.0 Safari/537.36
2024-03-29 12:52:56.972  INFO 53216 --- [http-nio-8080-exec-1] com.example.demo.common.AopLog           : [返回值]: {"code":200,"msg":"","data":{"totalcount":8,"pcount":3,"list":[{"id":8,"loginname":"peachmjk","username":"peachmjk","sex":"男","age":0,"address":"南宁","isadmin":false,"state":0},{"id":9,"loginname":"peach11","username":"peach11","sex":"男","age":23,"address":"广东","qq":"","email":"","isadmin":true,"state":0}]}}
2024-03-29 12:53:15.055 ERROR 53216 --- [http-nio-8080-exec-2] com.example.demo.config.ErrorAdvice      : null
2024-03-29 12:53:15.463  WARN 53216 --- [http-nio-8080-exec-2] .m.m.a.ExceptionHandlerExceptionResolver : Resolved [java.lang.NullPointerException]
2024-03-29 12:55:13.438  INFO 54916 --- [restartedMain] com.example.demo.DemoApplication         : Starting DemoApplication using Java 1.8.0_192 on XTZJ-20220402VX with PID 54916 (F:\关于自己关于学习和项目\已上传\项目\manage\user-management\target\classes started by Administrator in F:\关于自己关于学习和项目\已上传\项目\manage\user-management)
2024-03-29 12:55:13.440 DEBUG 54916 --- [restartedMain] com.example.demo.DemoApplication         : Running with Spring Boot v2.7.8, Spring v5.3.25
2024-03-29 12:55:13.441  INFO 54916 --- [restartedMain] com.example.demo.DemoApplication         : The following 1 profile is active: "dev"
2024-03-29 12:55:13.526  INFO 54916 --- [restartedMain] .e.DevToolsPropertyDefaultsPostProcessor : Devtools property defaults active! Set 'spring.devtools.add-properties' to 'false' to disable
2024-03-29 12:55:13.526  INFO 54916 --- [restartedMain] .e.DevToolsPropertyDefaultsPostProcessor : For additional web related logging consider setting the 'logging.level.web' property to 'DEBUG'
2024-03-29 12:55:14.496  INFO 54916 --- [restartedMain] .s.d.r.c.RepositoryConfigurationDelegate : Multiple Spring Data modules found, entering strict repository configuration mode
2024-03-29 12:55:14.501  INFO 54916 --- [restartedMain] .s.d.r.c.RepositoryConfigurationDelegate : Bootstrapping Spring Data Redis repositories in DEFAULT mode.
2024-03-29 12:55:14.531  INFO 54916 --- [restartedMain] .s.d.r.c.RepositoryConfigurationDelegate : Finished Spring Data repository scanning in 11 ms. Found 0 Redis repository interfaces.
2024-03-29 12:55:16.176  INFO 54916 --- [restartedMain] o.s.b.w.embedded.tomcat.TomcatWebServer  : Tomcat initialized with port(s): 8080 (http)
2024-03-29 12:55:16.193  INFO 54916 --- [restartedMain] o.apache.catalina.core.StandardService   : Starting service [Tomcat]
2024-03-29 12:55:16.194  INFO 54916 --- [restartedMain] org.apache.catalina.core.StandardEngine  : Starting Servlet engine: [Apache Tomcat/9.0.71]
2024-03-29 12:55:16.306  INFO 54916 --- [restartedMain] o.a.c.c.C.[.[localhost].[/manage]        : Initializing Spring embedded WebApplicationContext
2024-03-29 12:55:16.306  INFO 54916 --- [restartedMain] w.s.c.ServletWebServerApplicationContext : Root WebApplicationContext: initialization completed in 2779 ms
2024-03-29 12:55:19.684  INFO 54916 --- [restartedMain] o.s.b.d.a.OptionalLiveReloadServer       : LiveReload server is running on port 35729
2024-03-29 12:55:19.733  INFO 54916 --- [restartedMain] o.s.b.w.embedded.tomcat.TomcatWebServer  : Tomcat started on port(s): 8080 (http) with context path '/manage'
2024-03-29 12:55:20.187  INFO 54916 --- [restartedMain] com.example.demo.DemoApplication         : Started DemoApplication in 7.393 seconds (JVM running for 8.083)
2024-03-29 12:55:34.434  INFO 54916 --- [http-nio-8080-exec-3] o.a.c.c.C.[.[localhost].[/manage]        : Initializing Spring DispatcherServlet 'dispatcherServlet'
2024-03-29 12:55:34.435  INFO 54916 --- [http-nio-8080-exec-3] o.s.web.servlet.DispatcherServlet        : Initializing Servlet 'dispatcherServlet'
2024-03-29 12:55:34.437  INFO 54916 --- [http-nio-8080-exec-3] o.s.web.servlet.DispatcherServlet        : Completed initialization in 2 ms
2024-03-29 12:55:35.173 ERROR 54916 --- [http-nio-8080-exec-3] com.example.demo.config.ErrorAdvice      : null
2024-03-29 12:55:35.729  WARN 54916 --- [http-nio-8080-exec-3] .m.m.a.ExceptionHandlerExceptionResolver : Resolved [java.lang.NullPointerException]
2024-03-29 12:55:55.200  INFO 58776 --- [restartedMain] com.example.demo.DemoApplication         : Starting DemoApplication using Java 1.8.0_192 on XTZJ-20220402VX with PID 58776 (F:\关于自己关于学习和项目\已上传\项目\manage\user-management\target\classes started by Administrator in F:\关于自己关于学习和项目\已上传\项目\manage\user-management)
2024-03-29 12:55:55.202 DEBUG 58776 --- [restartedMain] com.example.demo.DemoApplication         : Running with Spring Boot v2.7.8, Spring v5.3.25
2024-03-29 12:55:55.203  INFO 58776 --- [restartedMain] com.example.demo.DemoApplication         : The following 1 profile is active: "dev"
2024-03-29 12:55:55.299  INFO 58776 --- [restartedMain] .e.DevToolsPropertyDefaultsPostProcessor : Devtools property defaults active! Set 'spring.devtools.add-properties' to 'false' to disable
2024-03-29 12:55:55.300  INFO 58776 --- [restartedMain] .e.DevToolsPropertyDefaultsPostProcessor : For additional web related logging consider setting the 'logging.level.web' property to 'DEBUG'
2024-03-29 12:55:56.501  INFO 58776 --- [restartedMain] .s.d.r.c.RepositoryConfigurationDelegate : Multiple Spring Data modules found, entering strict repository configuration mode
2024-03-29 12:55:56.505  INFO 58776 --- [restartedMain] .s.d.r.c.RepositoryConfigurationDelegate : Bootstrapping Spring Data Redis repositories in DEFAULT mode.
2024-03-29 12:55:56.547  INFO 58776 --- [restartedMain] .s.d.r.c.RepositoryConfigurationDelegate : Finished Spring Data repository scanning in 17 ms. Found 0 Redis repository interfaces.
2024-03-29 12:55:58.591  INFO 58776 --- [restartedMain] o.s.b.w.embedded.tomcat.TomcatWebServer  : Tomcat initialized with port(s): 8080 (http)
2024-03-29 12:55:58.616  INFO 58776 --- [restartedMain] o.apache.catalina.core.StandardService   : Starting service [Tomcat]
2024-03-29 12:55:58.616  INFO 58776 --- [restartedMain] org.apache.catalina.core.StandardEngine  : Starting Servlet engine: [Apache Tomcat/9.0.71]
2024-03-29 12:55:58.745  INFO 58776 --- [restartedMain] o.a.c.c.C.[.[localhost].[/manage]        : Initializing Spring embedded WebApplicationContext
2024-03-29 12:55:58.746  INFO 58776 --- [restartedMain] w.s.c.ServletWebServerApplicationContext : Root WebApplicationContext: initialization completed in 3445 ms
2024-03-29 12:56:02.740  INFO 58776 --- [restartedMain] o.s.b.d.a.OptionalLiveReloadServer       : LiveReload server is running on port 35729
2024-03-29 12:56:02.782  INFO 58776 --- [restartedMain] o.s.b.w.embedded.tomcat.TomcatWebServer  : Tomcat started on port(s): 8080 (http) with context path '/manage'
2024-03-29 12:56:03.202  INFO 58776 --- [restartedMain] com.example.demo.DemoApplication         : Started DemoApplication in 8.815 seconds (JVM running for 9.746)
2024-03-29 12:56:10.778  INFO 58776 --- [http-nio-8080-exec-1] o.a.c.c.C.[.[localhost].[/manage]        : Initializing Spring DispatcherServlet 'dispatcherServlet'
2024-03-29 12:56:10.778  INFO 58776 --- [http-nio-8080-exec-1] o.s.web.servlet.DispatcherServlet        : Initializing Servlet 'dispatcherServlet'
2024-03-29 12:56:10.780  INFO 58776 --- [http-nio-8080-exec-1] o.s.web.servlet.DispatcherServlet        : Completed initialization in 2 ms
2024-03-29 13:00:15.334 ERROR 58776 --- [http-nio-8080-exec-1] com.example.demo.config.ErrorAdvice      : null
2024-03-29 13:00:16.045  WARN 58776 --- [http-nio-8080-exec-1] .m.m.a.ExceptionHandlerExceptionResolver : Resolved [java.lang.NullPointerException]
2024-03-29 13:01:00.970  INFO 55500 --- [restartedMain] com.example.demo.DemoApplication         : Starting DemoApplication using Java 1.8.0_192 on XTZJ-20220402VX with PID 55500 (F:\关于自己关于学习和项目\已上传\项目\manage\user-management\target\classes started by Administrator in F:\关于自己关于学习和项目\已上传\项目\manage\user-management)
2024-03-29 13:01:00.971 DEBUG 55500 --- [restartedMain] com.example.demo.DemoApplication         : Running with Spring Boot v2.7.8, Spring v5.3.25
2024-03-29 13:01:00.972  INFO 55500 --- [restartedMain] com.example.demo.DemoApplication         : The following 1 profile is active: "dev"
2024-03-29 13:01:01.054  INFO 55500 --- [restartedMain] .e.DevToolsPropertyDefaultsPostProcessor : Devtools property defaults active! Set 'spring.devtools.add-properties' to 'false' to disable
2024-03-29 13:01:01.055  INFO 55500 --- [restartedMain] .e.DevToolsPropertyDefaultsPostProcessor : For additional web related logging consider setting the 'logging.level.web' property to 'DEBUG'
2024-03-29 13:01:02.055  INFO 55500 --- [restartedMain] .s.d.r.c.RepositoryConfigurationDelegate : Multiple Spring Data modules found, entering strict repository configuration mode
2024-03-29 13:01:02.059  INFO 55500 --- [restartedMain] .s.d.r.c.RepositoryConfigurationDelegate : Bootstrapping Spring Data Redis repositories in DEFAULT mode.
2024-03-29 13:01:02.091  INFO 55500 --- [restartedMain] .s.d.r.c.RepositoryConfigurationDelegate : Finished Spring Data repository scanning in 11 ms. Found 0 Redis repository interfaces.
2024-03-29 13:01:03.786  INFO 55500 --- [restartedMain] o.s.b.w.embedded.tomcat.TomcatWebServer  : Tomcat initialized with port(s): 8080 (http)
2024-03-29 13:01:03.809  INFO 55500 --- [restartedMain] o.apache.catalina.core.StandardService   : Starting service [Tomcat]
2024-03-29 13:01:03.809  INFO 55500 --- [restartedMain] org.apache.catalina.core.StandardEngine  : Starting Servlet engine: [Apache Tomcat/9.0.71]
2024-03-29 13:01:03.920  INFO 55500 --- [restartedMain] o.a.c.c.C.[.[localhost].[/manage]        : Initializing Spring embedded WebApplicationContext
2024-03-29 13:01:03.920  INFO 55500 --- [restartedMain] w.s.c.ServletWebServerApplicationContext : Root WebApplicationContext: initialization completed in 2864 ms
2024-03-29 13:01:07.729  INFO 55500 --- [restartedMain] o.s.b.d.a.OptionalLiveReloadServer       : LiveReload server is running on port 35729
2024-03-29 13:01:07.774  INFO 55500 --- [restartedMain] o.s.b.w.embedded.tomcat.TomcatWebServer  : Tomcat started on port(s): 8080 (http) with context path '/manage'
2024-03-29 13:01:08.126  INFO 55500 --- [restartedMain] com.example.demo.DemoApplication         : Started DemoApplication in 7.887 seconds (JVM running for 8.611)
2024-03-29 13:01:13.524  INFO 55500 --- [http-nio-8080-exec-1] o.a.c.c.C.[.[localhost].[/manage]        : Initializing Spring DispatcherServlet 'dispatcherServlet'
2024-03-29 13:01:13.524  INFO 55500 --- [http-nio-8080-exec-1] o.s.web.servlet.DispatcherServlet        : Initializing Servlet 'dispatcherServlet'
2024-03-29 13:01:13.526  INFO 55500 --- [http-nio-8080-exec-1] o.s.web.servlet.DispatcherServlet        : Completed initialization in 2 ms
2024-03-29 13:01:14.157 ERROR 55500 --- [http-nio-8080-exec-1] com.example.demo.config.ErrorAdvice      : null
2024-03-29 13:01:14.692  WARN 55500 --- [http-nio-8080-exec-1] .m.m.a.ExceptionHandlerExceptionResolver : Resolved [java.lang.NullPointerException]
2024-03-29 13:02:18.680  INFO 47108 --- [restartedMain] com.example.demo.DemoApplication         : Starting DemoApplication using Java 1.8.0_192 on XTZJ-20220402VX with PID 47108 (F:\关于自己关于学习和项目\已上传\项目\manage\user-management\target\classes started by Administrator in F:\关于自己关于学习和项目\已上传\项目\manage\user-management)
2024-03-29 13:02:18.682 DEBUG 47108 --- [restartedMain] com.example.demo.DemoApplication         : Running with Spring Boot v2.7.8, Spring v5.3.25
2024-03-29 13:02:18.683  INFO 47108 --- [restartedMain] com.example.demo.DemoApplication         : The following 1 profile is active: "dev"
2024-03-29 13:02:18.767  INFO 47108 --- [restartedMain] .e.DevToolsPropertyDefaultsPostProcessor : Devtools property defaults active! Set 'spring.devtools.add-properties' to 'false' to disable
2024-03-29 13:02:18.767  INFO 47108 --- [restartedMain] .e.DevToolsPropertyDefaultsPostProcessor : For additional web related logging consider setting the 'logging.level.web' property to 'DEBUG'
2024-03-29 13:02:19.770  INFO 47108 --- [restartedMain] .s.d.r.c.RepositoryConfigurationDelegate : Multiple Spring Data modules found, entering strict repository configuration mode
2024-03-29 13:02:19.775  INFO 47108 --- [restartedMain] .s.d.r.c.RepositoryConfigurationDelegate : Bootstrapping Spring Data Redis repositories in DEFAULT mode.
2024-03-29 13:02:19.803  INFO 47108 --- [restartedMain] .s.d.r.c.RepositoryConfigurationDelegate : Finished Spring Data repository scanning in 10 ms. Found 0 Redis repository interfaces.
2024-03-29 13:02:21.563  INFO 47108 --- [restartedMain] o.s.b.w.embedded.tomcat.TomcatWebServer  : Tomcat initialized with port(s): 8080 (http)
2024-03-29 13:02:21.580  INFO 47108 --- [restartedMain] o.apache.catalina.core.StandardService   : Starting service [Tomcat]
2024-03-29 13:02:21.581  INFO 47108 --- [restartedMain] org.apache.catalina.core.StandardEngine  : Starting Servlet engine: [Apache Tomcat/9.0.71]
2024-03-29 13:02:21.683  INFO 47108 --- [restartedMain] o.a.c.c.C.[.[localhost].[/manage]        : Initializing Spring embedded WebApplicationContext
2024-03-29 13:02:21.683  INFO 47108 --- [restartedMain] w.s.c.ServletWebServerApplicationContext : Root WebApplicationContext: initialization completed in 2915 ms
2024-03-29 13:02:25.264  INFO 47108 --- [restartedMain] o.s.b.d.a.OptionalLiveReloadServer       : LiveReload server is running on port 35729
2024-03-29 13:02:25.298  INFO 47108 --- [restartedMain] o.s.b.w.embedded.tomcat.TomcatWebServer  : Tomcat started on port(s): 8080 (http) with context path '/manage'
2024-03-29 13:02:25.680  INFO 47108 --- [restartedMain] com.example.demo.DemoApplication         : Started DemoApplication in 7.682 seconds (JVM running for 8.389)
2024-03-29 13:02:32.097  INFO 47108 --- [http-nio-8080-exec-1] o.a.c.c.C.[.[localhost].[/manage]        : Initializing Spring DispatcherServlet 'dispatcherServlet'
2024-03-29 13:02:32.098  INFO 47108 --- [http-nio-8080-exec-1] o.s.web.servlet.DispatcherServlet        : Initializing Servlet 'dispatcherServlet'
2024-03-29 13:02:32.099  INFO 47108 --- [http-nio-8080-exec-1] o.s.web.servlet.DispatcherServlet        : Completed initialization in 1 ms
2024-03-29 13:02:32.869  INFO 47108 --- [http-nio-8080-exec-1] com.example.demo.common.AopLog           : [请求 url]: http://127.0.0.1:8080/manage/user/logout
2024-03-29 13:02:32.871  INFO 47108 --- [http-nio-8080-exec-1] com.example.demo.common.AopLog           : [请求 ip]: 127.0.0.1
2024-03-29 13:02:32.872  INFO 47108 --- [http-nio-8080-exec-1] com.example.demo.common.AopLog           : [请求 类名]: com.example.demo.controller.UserController,[请求 方法名]: logout
2024-03-29 13:02:32.965  INFO 47108 --- [http-nio-8080-exec-1] com.example.demo.common.AopLog           : [请求 body]: [{"session":{},"servletContext":{}}]
2024-03-29 13:02:32.965  INFO 47108 --- [http-nio-8080-exec-1] com.example.demo.common.AopLog           : [请求 参数]: {}
2024-03-29 13:02:32.977  INFO 47108 --- [http-nio-8080-exec-1] com.example.demo.common.AopLog           : [请求 耗时]: 12毫秒
2024-03-29 13:02:32.997  INFO 47108 --- [http-nio-8080-exec-1] com.example.demo.common.AopLog           : [浏览器类型]: CHROME10,[操作系统]: WINDOWS_10,[原始User-Agent]: Mozilla/5.0 (Windows NT 10.0; Win64; x64) AppleWebKit/537.36 (KHTML, like Gecko) Chrome/109.0.0.0 Safari/537.36
2024-03-29 13:02:33.001  INFO 47108 --- [http-nio-8080-exec-1] com.example.demo.common.AopLog           : [返回值]: {"code":200,"msg":"","data":1}
2024-03-29 13:02:35.023  INFO 47108 --- [http-nio-8080-exec-4] com.example.demo.common.AopLog           : [请求 url]: http://127.0.0.1:8080/manage/user/getcaptcha
2024-03-29 13:02:35.024  INFO 47108 --- [http-nio-8080-exec-4] com.example.demo.common.AopLog           : [请求 ip]: 127.0.0.1
2024-03-29 13:02:35.024  INFO 47108 --- [http-nio-8080-exec-4] com.example.demo.common.AopLog           : [请求 类名]: com.example.demo.controller.UserController,[请求 方法名]: getCaptcha
2024-03-29 13:02:35.025  INFO 47108 --- [http-nio-8080-exec-4] com.example.demo.common.AopLog           : [请求 body]: []
2024-03-29 13:02:35.025  INFO 47108 --- [http-nio-8080-exec-4] com.example.demo.common.AopLog           : [请求 参数]: {}
2024-03-29 13:02:35.280  INFO 47108 --- [http-nio-8080-exec-4] com.example.demo.common.AopLog           : [请求 耗时]: 254毫秒
2024-03-29 13:02:35.281  INFO 47108 --- [http-nio-8080-exec-4] com.example.demo.common.AopLog           : [浏览器类型]: CHROME10,[操作系统]: WINDOWS_10,[原始User-Agent]: Mozilla/5.0 (Windows NT 10.0; Win64; x64) AppleWebKit/537.36 (KHTML, like Gecko) Chrome/109.0.0.0 Safari/537.36
2024-03-29 13:02:35.283  INFO 47108 --- [http-nio-8080-exec-4] com.example.demo.common.AopLog           : [返回值]: {"code":200,"msg":"","data":"/manage/captcha/3632d411e9114c898723b6f23148f92d.png?res=3632d411e9114c898723b6f23148f92d"}
